<?xml version="1.0" encoding="UTF-8"?>
<testng-results skipped="0" failed="0" ignored="0" total="1" passed="1">
  <reporter-output>
  </reporter-output>
  <suite name="Default suite" duration-ms="7055" started-at="2019-03-02T07:20:25Z" finished-at="2019-03-02T07:20:32Z">
    <groups>
    </groups>
    <test name="Default test" duration-ms="7055" started-at="2019-03-02T07:20:25Z" finished-at="2019-03-02T07:20:32Z">
      <class name="com.facebook.test.FacebookSignupTest">
        <test-method status="PASS" signature="setUp()[pri:0, instance:com.facebook.test.FacebookSignupTest@203dd56b]" name="setUp" is-config="true" duration-ms="6235" started-at="2019-03-02T07:20:25Z" finished-at="2019-03-02T07:20:31Z">
          <reporter-output>
          </reporter-output>
        </test-method> <!-- setUp -->
        <test-method status="PASS" signature="validateclickOnSignUpButtonWhenUserInformationIsBlank()[pri:0, instance:com.facebook.test.FacebookSignupTest@203dd56b]" name="validateclickOnSignUpButtonWhenUserInformationIsBlank" duration-ms="780" started-at="2019-03-02T07:20:31Z" finished-at="2019-03-02T07:20:32Z">
          <reporter-output>
          </reporter-output>
        </test-method> <!-- validateclickOnSignUpButtonWhenUserInformationIsBlank -->
        <test-method status="PASS" signature="tearDown()[pri:0, instance:com.facebook.test.FacebookSignupTest@203dd56b]" name="tearDown" is-config="true" duration-ms="1" started-at="2019-03-02T07:20:32Z" finished-at="2019-03-02T07:20:32Z">
          <reporter-output>
          </reporter-output>
        </test-method> <!-- tearDown -->
      </class> <!-- com.facebook.test.FacebookSignupTest -->
    </test> <!-- Default test -->
  </suite> <!-- Default suite -->
</testng-results>
